# JRE version: OpenJDK Runtime Environment Temurin-17.0.13+11 (17.0.13+11) (build 17.0.13+11)
# Java VM: OpenJDK 64-Bit Server VM Temurin-17.0.13+11 (17.0.13+11, mixed mode, tiered, compressed oops, compressed class ptrs, parallel gc, windows-amd64)
GC Precious Log:
 CPUs: 12 total, 12 available
 Memory: 15740M
 Large Page Support: Disabled
 NUMA Support: Disabled
 Compressed Oops: Enabled (32-bit)
 Alignments: Space 512K, Generation 512K, Heap 2M
 Heap Min Capacity: 100M
 Heap Initial Capacity: 100M
 Heap Max Capacity: 1G
 Pre-touch: Disabled
 Parallel Workers: 10
Heap:
 PSYoungGen      total 18432K, used 18267K [0x00000000eab00000, 0x00000000ec180000, 0x0000000100000000)
  eden space 15360K, 100% used [0x00000000eab00000,0x00000000eba00000,0x00000000eba00000)
  from space 3072K, 94% used [0x00000000ebe80000,0x00000000ec156c88,0x00000000ec180000)
  to   space 3584K, 0% used [0x00000000eba80000,0x00000000eba80000,0x00000000ebe00000)
 ParOldGen       total 68608K, used 66359K [0x00000000c0000000, 0x00000000c4300000, 0x00000000eab00000)
  object space 68608K, 96% used [0x00000000c0000000,0x00000000c40cde08,0x00000000c4300000)
 Metaspace       used 57432K, committed 58496K, reserved 1114112K
  class space    used 6141K, committed 6592K, reserved 1048576K
GC Heap History (20 events):
Event: 10.156 GC heap after
{Heap after GC invocations=25 (full 2):
 PSYoungGen      total 22016K, used 2662K [0x00000000eab00000, 0x00000000ec480000, 0x0000000100000000)
  eden space 18944K, 0% used [0x00000000eab00000,0x00000000eab00000,0x00000000ebd80000)
  from space 3072K, 86% used [0x00000000ebd80000,0x00000000ec019868,0x00000000ec080000)
  to   space 3584K, 0% used [0x00000000ec100000,0x00000000ec100000,0x00000000ec480000)
 ParOldGen       total 68608K, used 38360K [0x00000000c0000000, 0x00000000c4300000, 0x00000000eab00000)
  object space 68608K, 55% used [0x00000000c0000000,0x00000000c25761b8,0x00000000c4300000)
 Metaspace       used 53172K, committed 54336K, reserved 1114112K
  class space    used 5589K, committed 6080K, reserved 1048576K
}
Event: 10.191 GC heap before
{Heap before GC invocations=26 (full 2):
 PSYoungGen      total 22016K, used 21606K [0x00000000eab00000, 0x00000000ec480000, 0x0000000100000000)
  eden space 18944K, 100% used [0x00000000eab00000,0x00000000ebd80000,0x00000000ebd80000)
  from space 3072K, 86% used [0x00000000ebd80000,0x00000000ec019868,0x00000000ec080000)
  to   space 3584K, 0% used [0x00000000ec100000,0x00000000ec100000,0x00000000ec480000)
 ParOldGen       total 68608K, used 38360K [0x00000000c0000000, 0x00000000c4300000, 0x00000000eab00000)
  object space 68608K, 55% used [0x00000000c0000000,0x00000000c25761b8,0x00000000c4300000)
 Metaspace       used 53469K, committed 54528K, reserved 1114112K
  class space    used 5624K, committed 6080K, reserved 1048576K
}
Event: 10.193 GC heap after
{Heap after GC invocations=26 (full 2):
 PSYoungGen      total 22016K, used 3569K [0x00000000eab00000, 0x00000000ec580000, 0x0000000100000000)
  eden space 18432K, 0% used [0x00000000eab00000,0x00000000eab00000,0x00000000ebd00000)
  from space 3584K, 99% used [0x00000000ec100000,0x00000000ec47c7b8,0x00000000ec480000)
  to   space 4096K, 0% used [0x00000000ebd00000,0x00000000ebd00000,0x00000000ec100000)
 ParOldGen       total 68608K, used 40832K [0x00000000c0000000, 0x00000000c4300000, 0x00000000eab00000)
  object space 68608K, 59% used [0x00000000c0000000,0x00000000c27e02b8,0x00000000c4300000)
 Metaspace       used 53469K, committed 54528K, reserved 1114112K
  class space    used 5624K, committed 6080K, reserved 1048576K
}
Event: 10.264 GC heap before
{Heap before GC invocations=27 (full 2):
 PSYoungGen      total 22016K, used 22001K [0x00000000eab00000, 0x00000000ec580000, 0x0000000100000000)
  eden space 18432K, 100% used [0x00000000eab00000,0x00000000ebd00000,0x00000000ebd00000)
  from space 3584K, 99% used [0x00000000ec100000,0x00000000ec47c7b8,0x00000000ec480000)
  to   space 4096K, 0% used [0x00000000ebd00000,0x00000000ebd00000,0x00000000ec100000)
 ParOldGen       total 68608K, used 40832K [0x00000000c0000000, 0x00000000c4300000, 0x00000000eab00000)
  object space 68608K, 59% used [0x00000000c0000000,0x00000000c27e02b8,0x00000000c4300000)
 Metaspace       used 53993K, committed 55104K, reserved 1114112K
  class space    used 5690K, committed 6144K, reserved 1048576K
}
Event: 10.266 GC heap after
{Heap after GC invocations=27 (full 2):
 PSYoungGen      total 22016K, used 3260K [0x00000000eab00000, 0x00000000ec400000, 0x0000000100000000)
  eden space 18432K, 0% used [0x00000000eab00000,0x00000000eab00000,0x00000000ebd00000)
  from space 3584K, 90% used [0x00000000ebd00000,0x00000000ec02f258,0x00000000ec080000)
  to   space 3584K, 0% used [0x00000000ec080000,0x00000000ec080000,0x00000000ec400000)
 ParOldGen       total 68608K, used 44052K [0x00000000c0000000, 0x00000000c4300000, 0x00000000eab00000)
  object space 68608K, 64% used [0x00000000c0000000,0x00000000c2b05308,0x00000000c4300000)
 Metaspace       used 53993K, committed 55104K, reserved 1114112K
  class space    used 5690K, committed 6144K, reserved 1048576K
}
Event: 10.299 GC heap before
{Heap before GC invocations=28 (full 2):
 PSYoungGen      total 22016K, used 21692K [0x00000000eab00000, 0x00000000ec400000, 0x0000000100000000)
  eden space 18432K, 100% used [0x00000000eab00000,0x00000000ebd00000,0x00000000ebd00000)
  from space 3584K, 90% used [0x00000000ebd00000,0x00000000ec02f258,0x00000000ec080000)
  to   space 3584K, 0% used [0x00000000ec080000,0x00000000ec080000,0x00000000ec400000)
 ParOldGen       total 68608K, used 44052K [0x00000000c0000000, 0x00000000c4300000, 0x00000000eab00000)
  object space 68608K, 64% used [0x00000000c0000000,0x00000000c2b05308,0x00000000c4300000)
 Metaspace       used 54304K, committed 55424K, reserved 1114112K
  class space    used 5737K, committed 6208K, reserved 1048576K
}
Event: 10.303 GC heap after
{Heap after GC invocations=28 (full 2):
 PSYoungGen      total 22016K, used 3138K [0x00000000eab00000, 0x00000000ec400000, 0x0000000100000000)
  eden space 18432K, 0% used [0x00000000eab00000,0x00000000eab00000,0x00000000ebd00000)
  from space 3584K, 87% used [0x00000000ec080000,0x00000000ec3909d0,0x00000000ec400000)
  to   space 3584K, 0% used [0x00000000ebd00000,0x00000000ebd00000,0x00000000ec080000)
 ParOldGen       total 68608K, used 47024K [0x00000000c0000000, 0x00000000c4300000, 0x00000000eab00000)
  object space 68608K, 68% used [0x00000000c0000000,0x00000000c2dec288,0x00000000c4300000)
 Metaspace       used 54304K, committed 55424K, reserved 1114112K
  class space    used 5737K, committed 6208K, reserved 1048576K
}
Event: 10.337 GC heap before
{Heap before GC invocations=29 (full 2):
 PSYoungGen      total 22016K, used 21570K [0x00000000eab00000, 0x00000000ec400000, 0x0000000100000000)
  eden space 18432K, 100% used [0x00000000eab00000,0x00000000ebd00000,0x00000000ebd00000)
  from space 3584K, 87% used [0x00000000ec080000,0x00000000ec3909d0,0x00000000ec400000)
  to   space 3584K, 0% used [0x00000000ebd00000,0x00000000ebd00000,0x00000000ec080000)
 ParOldGen       total 68608K, used 47024K [0x00000000c0000000, 0x00000000c4300000, 0x00000000eab00000)
  object space 68608K, 68% used [0x00000000c0000000,0x00000000c2dec288,0x00000000c4300000)
 Metaspace       used 54751K, committed 55872K, reserved 1114112K
  class space    used 5794K, committed 6272K, reserved 1048576K
}
Event: 10.339 GC heap after
{Heap after GC invocations=29 (full 2):
 PSYoungGen      total 22016K, used 3582K [0x00000000eab00000, 0x00000000ecb00000, 0x0000000100000000)
  eden space 18432K, 0% used [0x00000000eab00000,0x00000000eab00000,0x00000000ebd00000)
  from space 3584K, 99% used [0x00000000ebd00000,0x00000000ec07fab0,0x00000000ec080000)
  to   space 7168K, 0% used [0x00000000ec400000,0x00000000ec400000,0x00000000ecb00000)
 ParOldGen       total 68608K, used 49997K [0x00000000c0000000, 0x00000000c4300000, 0x00000000eab00000)
  object space 68608K, 72% used [0x00000000c0000000,0x00000000c30d3520,0x00000000c4300000)
 Metaspace       used 54751K, committed 55872K, reserved 1114112K
  class space    used 5794K, committed 6272K, reserved 1048576K
}
Event: 10.375 GC heap before
{Heap before GC invocations=30 (full 2):
 PSYoungGen      total 22016K, used 22014K [0x00000000eab00000, 0x00000000ecb00000, 0x0000000100000000)
  eden space 18432K, 100% used [0x00000000eab00000,0x00000000ebd00000,0x00000000ebd00000)
  from space 3584K, 99% used [0x00000000ebd00000,0x00000000ec07fab0,0x00000000ec080000)
  to   space 7168K, 0% used [0x00000000ec400000,0x00000000ec400000,0x00000000ecb00000)
 ParOldGen       total 68608K, used 49997K [0x00000000c0000000, 0x00000000c4300000, 0x00000000eab00000)
  object space 68608K, 72% used [0x00000000c0000000,0x00000000c30d3520,0x00000000c4300000)
 Metaspace       used 55260K, committed 56320K, reserved 1114112K
  class space    used 5857K, committed 6336K, reserved 1048576K
}
Event: 10.377 GC heap after
{Heap after GC invocations=30 (full 2):
 PSYoungGen      total 22016K, used 3449K [0x00000000eab00000, 0x00000000ec780000, 0x0000000100000000)
  eden space 18432K, 0% used [0x00000000eab00000,0x00000000eab00000,0x00000000ebd00000)
  from space 3584K, 96% used [0x00000000ec400000,0x00000000ec75e790,0x00000000ec780000)
  to   space 4608K, 0% used [0x00000000ebe80000,0x00000000ebe80000,0x00000000ec300000)
 ParOldGen       total 68608K, used 53295K [0x00000000c0000000, 0x00000000c4300000, 0x00000000eab00000)
  object space 68608K, 77% used [0x00000000c0000000,0x00000000c340bdb8,0x00000000c4300000)
 Metaspace       used 55260K, committed 56320K, reserved 1114112K
  class space    used 5857K, committed 6336K, reserved 1048576K
}
Event: 10.410 GC heap before
{Heap before GC invocations=31 (full 2):
 PSYoungGen      total 22016K, used 21881K [0x00000000eab00000, 0x00000000ec780000, 0x0000000100000000)
  eden space 18432K, 100% used [0x00000000eab00000,0x00000000ebd00000,0x00000000ebd00000)
  from space 3584K, 96% used [0x00000000ec400000,0x00000000ec75e790,0x00000000ec780000)
  to   space 4608K, 0% used [0x00000000ebe80000,0x00000000ebe80000,0x00000000ec300000)
 ParOldGen       total 68608K, used 53295K [0x00000000c0000000, 0x00000000c4300000, 0x00000000eab00000)
  object space 68608K, 77% used [0x00000000c0000000,0x00000000c340bdb8,0x00000000c4300000)
 Metaspace       used 55700K, committed 56768K, reserved 1114112K
  class space    used 5918K, committed 6400K, reserved 1048576K
}
Event: 10.412 GC heap after
{Heap after GC invocations=31 (full 2):
 PSYoungGen      total 22016K, used 3509K [0x00000000eab00000, 0x00000000ec500000, 0x0000000100000000)
  eden space 18432K, 0% used [0x00000000eab00000,0x00000000eab00000,0x00000000ebd00000)
  from space 3584K, 97% used [0x00000000ebe80000,0x00000000ec1ed578,0x00000000ec200000)
  to   space 3072K, 0% used [0x00000000ec200000,0x00000000ec200000,0x00000000ec500000)
 ParOldGen       total 68608K, used 56509K [0x00000000c0000000, 0x00000000c4300000, 0x00000000eab00000)
  object space 68608K, 82% used [0x00000000c0000000,0x00000000c372f6c0,0x00000000c4300000)
 Metaspace       used 55700K, committed 56768K, reserved 1114112K
  class space    used 5918K, committed 6400K, reserved 1048576K
}
Event: 10.454 GC heap before
{Heap before GC invocations=32 (full 2):
 PSYoungGen      total 22016K, used 21941K [0x00000000eab00000, 0x00000000ec500000, 0x0000000100000000)
  eden space 18432K, 100% used [0x00000000eab00000,0x00000000ebd00000,0x00000000ebd00000)
  from space 3584K, 97% used [0x00000000ebe80000,0x00000000ec1ed578,0x00000000ec200000)
  to   space 3072K, 0% used [0x00000000ec200000,0x00000000ec200000,0x00000000ec500000)
 ParOldGen       total 68608K, used 56509K [0x00000000c0000000, 0x00000000c4300000, 0x00000000eab00000)
  object space 68608K, 82% used [0x00000000c0000000,0x00000000c372f6c0,0x00000000c4300000)
 Metaspace       used 56286K, committed 57344K, reserved 1114112K
  class space    used 5987K, committed 6464K, reserved 1048576K
}
Event: 10.456 GC heap after
{Heap after GC invocations=32 (full 2):
 PSYoungGen      total 18432K, used 3062K [0x00000000eab00000, 0x00000000ecd00000, 0x0000000100000000)
  eden space 15360K, 0% used [0x00000000eab00000,0x00000000eab00000,0x00000000eba00000)
  from space 3072K, 99% used [0x00000000ec200000,0x00000000ec4fd960,0x00000000ec500000)
  to   space 8192K, 0% used [0x00000000eba00000,0x00000000eba00000,0x00000000ec200000)
 ParOldGen       total 68608K, used 60615K [0x00000000c0000000, 0x00000000c4300000, 0x00000000eab00000)
  object space 68608K, 88% used [0x00000000c0000000,0x00000000c3b31cc0,0x00000000c4300000)
 Metaspace       used 56286K, committed 57344K, reserved 1114112K
  class space    used 5987K, committed 6464K, reserved 1048576K
}
Event: 10.490 GC heap before
{Heap before GC invocations=33 (full 2):
 PSYoungGen      total 18432K, used 18422K [0x00000000eab00000, 0x00000000ecd00000, 0x0000000100000000)
  eden space 15360K, 100% used [0x00000000eab00000,0x00000000eba00000,0x00000000eba00000)
  from space 3072K, 99% used [0x00000000ec200000,0x00000000ec4fd960,0x00000000ec500000)
  to   space 8192K, 0% used [0x00000000eba00000,0x00000000eba00000,0x00000000ec200000)
 ParOldGen       total 68608K, used 60615K [0x00000000c0000000, 0x00000000c4300000, 0x00000000eab00000)
  object space 68608K, 88% used [0x00000000c0000000,0x00000000c3b31cc0,0x00000000c4300000)
 Metaspace       used 56658K, committed 57792K, reserved 1114112K
  class space    used 6047K, committed 6528K, reserved 1048576K
}
Event: 10.492 GC heap after
{Heap after GC invocations=33 (full 2):
 PSYoungGen      total 18432K, used 2915K [0x00000000eab00000, 0x00000000ec300000, 0x0000000100000000)
  eden space 15360K, 0% used [0x00000000eab00000,0x00000000eab00000,0x00000000eba00000)
  from space 3072K, 94% used [0x00000000eba00000,0x00000000ebcd8cf0,0x00000000ebd00000)
  to   space 4608K, 0% used [0x00000000ebe80000,0x00000000ebe80000,0x00000000ec300000)
 ParOldGen       total 68608K, used 63634K [0x00000000c0000000, 0x00000000c4300000, 0x00000000eab00000)
  object space 68608K, 92% used [0x00000000c0000000,0x00000000c3e24ac8,0x00000000c4300000)
 Metaspace       used 56658K, committed 57792K, reserved 1114112K
  class space    used 6047K, committed 6528K, reserved 1048576K
}
Event: 10.522 GC heap before
{Heap before GC invocations=34 (full 2):
 PSYoungGen      total 18432K, used 18275K [0x00000000eab00000, 0x00000000ec300000, 0x0000000100000000)
  eden space 15360K, 100% used [0x00000000eab00000,0x00000000eba00000,0x00000000eba00000)
  from space 3072K, 94% used [0x00000000eba00000,0x00000000ebcd8cf0,0x00000000ebd00000)
  to   space 4608K, 0% used [0x00000000ebe80000,0x00000000ebe80000,0x00000000ec300000)
 ParOldGen       total 68608K, used 63634K [0x00000000c0000000, 0x00000000c4300000, 0x00000000eab00000)
  object space 68608K, 92% used [0x00000000c0000000,0x00000000c3e24ac8,0x00000000c4300000)
 Metaspace       used 57039K, committed 58112K, reserved 1114112K
  class space    used 6093K, committed 6528K, reserved 1048576K
}
Event: 10.524 GC heap after
{Heap after GC invocations=34 (full 2):
 PSYoungGen      total 18432K, used 2907K [0x00000000eab00000, 0x00000000ec180000, 0x0000000100000000)
  eden space 15360K, 0% used [0x00000000eab00000,0x00000000eab00000,0x00000000eba00000)
  from space 3072K, 94% used [0x00000000ebe80000,0x00000000ec156c88,0x00000000ec180000)
  to   space 3584K, 0% used [0x00000000eba80000,0x00000000eba80000,0x00000000ebe00000)
 ParOldGen       total 68608K, used 66359K [0x00000000c0000000, 0x00000000c4300000, 0x00000000eab00000)
  object space 68608K, 96% used [0x00000000c0000000,0x00000000c40cde08,0x00000000c4300000)
 Metaspace       used 57039K, committed 58112K, reserved 1114112K
  class space    used 6093K, committed 6528K, reserved 1048576K
}
Event: 10.554 GC heap before
{Heap before GC invocations=35 (full 3):
 PSYoungGen      total 18432K, used 18267K [0x00000000eab00000, 0x00000000ec180000, 0x0000000100000000)
  eden space 15360K, 100% used [0x00000000eab00000,0x00000000eba00000,0x00000000eba00000)
  from space 3072K, 94% used [0x00000000ebe80000,0x00000000ec156c88,0x00000000ec180000)
  to   space 3584K, 0% used [0x00000000eba80000,0x00000000eba80000,0x00000000ebe00000)
 ParOldGen       total 68608K, used 66359K [0x00000000c0000000, 0x00000000c4300000, 0x00000000eab00000)
  object space 68608K, 96% used [0x00000000c0000000,0x00000000c40cde08,0x00000000c4300000)
 Metaspace       used 57432K, committed 58496K, reserved 1114112K
  class space    used 6141K, committed 6592K, reserved 1048576K
}

