# JRE version: OpenJDK Runtime Environment Temurin-17.0.13+11 (17.0.13+11) (build 17.0.13+11)
# Java VM: OpenJDK 64-Bit Server VM Temurin-17.0.13+11 (17.0.13+11, mixed mode, tiered, compressed oops, compressed class ptrs, parallel gc, windows-amd64)
GC Precious Log:
 CPUs: 12 total, 12 available
 Memory: 15740M
 Large Page Support: Disabled
 NUMA Support: Disabled
 Compressed Oops: Enabled (32-bit)
 Alignments: Space 512K, Generation 512K, Heap 2M
 Heap Min Capacity: 100M
 Heap Initial Capacity: 100M
 Heap Max Capacity: 1G
 Pre-touch: Disabled
 Parallel Workers: 10
Heap:
 PSYoungGen      total 11264K, used 11246K [0x00000000eab00000, 0x00000000ec000000, 0x0000000100000000)
  eden space 9728K, 99% used [0x00000000eab00000,0x00000000eb47b988,0x00000000eb480000)
  from space 1536K, 100% used [0x00000000eb980000,0x00000000ebb00000,0x00000000ebb00000)
  to   space 5120K, 0% used [0x00000000eb480000,0x00000000eb480000,0x00000000eb980000)
 ParOldGen       total 68608K, used 67842K [0x00000000c0000000, 0x00000000c4300000, 0x00000000eab00000)
  object space 68608K, 98% used [0x00000000c0000000,0x00000000c4240b98,0x00000000c4300000)
 Metaspace       used 55861K, committed 56960K, reserved 1114112K
  class space    used 5961K, committed 6464K, reserved 1048576K
GC Heap History (20 events):
Event: 3.174 GC heap after
{Heap after GC invocations=29 (full 2):
 PSYoungGen      total 16384K, used 2630K [0x00000000eab00000, 0x00000000ec000000, 0x0000000100000000)
  eden space 13312K, 0% used [0x00000000eab00000,0x00000000eab00000,0x00000000eb800000)
  from space 3072K, 85% used [0x00000000eb800000,0x00000000eba91828,0x00000000ebb00000)
  to   space 4096K, 0% used [0x00000000ebc00000,0x00000000ebc00000,0x00000000ec000000)
 ParOldGen       total 68608K, used 44735K [0x00000000c0000000, 0x00000000c4300000, 0x00000000eab00000)
  object space 68608K, 65% used [0x00000000c0000000,0x00000000c2bafdf0,0x00000000c4300000)
 Metaspace       used 53691K, committed 54784K, reserved 1114112K
  class space    used 5662K, committed 6144K, reserved 1048576K
}
Event: 3.198 GC heap before
{Heap before GC invocations=30 (full 2):
 PSYoungGen      total 16384K, used 15942K [0x00000000eab00000, 0x00000000ec000000, 0x0000000100000000)
  eden space 13312K, 100% used [0x00000000eab00000,0x00000000eb800000,0x00000000eb800000)
  from space 3072K, 85% used [0x00000000eb800000,0x00000000eba91828,0x00000000ebb00000)
  to   space 4096K, 0% used [0x00000000ebc00000,0x00000000ebc00000,0x00000000ec000000)
 ParOldGen       total 68608K, used 44735K [0x00000000c0000000, 0x00000000c4300000, 0x00000000eab00000)
  object space 68608K, 65% used [0x00000000c0000000,0x00000000c2bafdf0,0x00000000c4300000)
 Metaspace       used 53951K, committed 55040K, reserved 1114112K
  class space    used 5704K, committed 6208K, reserved 1048576K
}
Event: 3.201 GC heap after
{Heap after GC invocations=30 (full 2):
 PSYoungGen      total 16384K, used 2627K [0x00000000eab00000, 0x00000000ebf00000, 0x0000000100000000)
  eden space 13312K, 0% used [0x00000000eab00000,0x00000000eab00000,0x00000000eb800000)
  from space 3072K, 85% used [0x00000000ebc00000,0x00000000ebe90c20,0x00000000ebf00000)
  to   space 3072K, 0% used [0x00000000eb800000,0x00000000eb800000,0x00000000ebb00000)
 ParOldGen       total 68608K, used 47128K [0x00000000c0000000, 0x00000000c4300000, 0x00000000eab00000)
  object space 68608K, 68% used [0x00000000c0000000,0x00000000c2e06340,0x00000000c4300000)
 Metaspace       used 53951K, committed 55040K, reserved 1114112K
  class space    used 5704K, committed 6208K, reserved 1048576K
}
Event: 3.224 GC heap before
{Heap before GC invocations=31 (full 2):
 PSYoungGen      total 16384K, used 15939K [0x00000000eab00000, 0x00000000ebf00000, 0x0000000100000000)
  eden space 13312K, 100% used [0x00000000eab00000,0x00000000eb800000,0x00000000eb800000)
  from space 3072K, 85% used [0x00000000ebc00000,0x00000000ebe90c20,0x00000000ebf00000)
  to   space 3072K, 0% used [0x00000000eb800000,0x00000000eb800000,0x00000000ebb00000)
 ParOldGen       total 68608K, used 47128K [0x00000000c0000000, 0x00000000c4300000, 0x00000000eab00000)
  object space 68608K, 68% used [0x00000000c0000000,0x00000000c2e06340,0x00000000c4300000)
 Metaspace       used 54116K, committed 55168K, reserved 1114112K
  class space    used 5727K, committed 6208K, reserved 1048576K
}
Event: 3.226 GC heap after
{Heap after GC invocations=31 (full 2):
 PSYoungGen      total 16384K, used 3062K [0x00000000eab00000, 0x00000000ec400000, 0x0000000100000000)
  eden space 13312K, 0% used [0x00000000eab00000,0x00000000eab00000,0x00000000eb800000)
  from space 3072K, 99% used [0x00000000eb800000,0x00000000ebafd808,0x00000000ebb00000)
  to   space 6144K, 0% used [0x00000000ebe00000,0x00000000ebe00000,0x00000000ec400000)
 ParOldGen       total 68608K, used 49618K [0x00000000c0000000, 0x00000000c4300000, 0x00000000eab00000)
  object space 68608K, 72% used [0x00000000c0000000,0x00000000c30748c8,0x00000000c4300000)
 Metaspace       used 54116K, committed 55168K, reserved 1114112K
  class space    used 5727K, committed 6208K, reserved 1048576K
}
Event: 3.248 GC heap before
{Heap before GC invocations=32 (full 2):
 PSYoungGen      total 16384K, used 16374K [0x00000000eab00000, 0x00000000ec400000, 0x0000000100000000)
  eden space 13312K, 100% used [0x00000000eab00000,0x00000000eb800000,0x00000000eb800000)
  from space 3072K, 99% used [0x00000000eb800000,0x00000000ebafd808,0x00000000ebb00000)
  to   space 6144K, 0% used [0x00000000ebe00000,0x00000000ebe00000,0x00000000ec400000)
 ParOldGen       total 68608K, used 49618K [0x00000000c0000000, 0x00000000c4300000, 0x00000000eab00000)
  object space 68608K, 72% used [0x00000000c0000000,0x00000000c30748c8,0x00000000c4300000)
 Metaspace       used 54325K, committed 55424K, reserved 1114112K
  class space    used 5760K, committed 6272K, reserved 1048576K
}
Event: 3.251 GC heap after
{Heap after GC invocations=32 (full 2):
 PSYoungGen      total 16384K, used 2814K [0x00000000eab00000, 0x00000000ec100000, 0x0000000100000000)
  eden space 13312K, 0% used [0x00000000eab00000,0x00000000eab00000,0x00000000eb800000)
  from space 3072K, 91% used [0x00000000ebe00000,0x00000000ec0bf910,0x00000000ec100000)
  to   space 4096K, 0% used [0x00000000eb900000,0x00000000eb900000,0x00000000ebd00000)
 ParOldGen       total 68608K, used 52480K [0x00000000c0000000, 0x00000000c4300000, 0x00000000eab00000)
  object space 68608K, 76% used [0x00000000c0000000,0x00000000c33401e8,0x00000000c4300000)
 Metaspace       used 54325K, committed 55424K, reserved 1114112K
  class space    used 5760K, committed 6272K, reserved 1048576K
}
Event: 3.275 GC heap before
{Heap before GC invocations=33 (full 2):
 PSYoungGen      total 16384K, used 16126K [0x00000000eab00000, 0x00000000ec100000, 0x0000000100000000)
  eden space 13312K, 100% used [0x00000000eab00000,0x00000000eb800000,0x00000000eb800000)
  from space 3072K, 91% used [0x00000000ebe00000,0x00000000ec0bf910,0x00000000ec100000)
  to   space 4096K, 0% used [0x00000000eb900000,0x00000000eb900000,0x00000000ebd00000)
 ParOldGen       total 68608K, used 52480K [0x00000000c0000000, 0x00000000c4300000, 0x00000000eab00000)
  object space 68608K, 76% used [0x00000000c0000000,0x00000000c33401e8,0x00000000c4300000)
 Metaspace       used 54585K, committed 55680K, reserved 1114112K
  class space    used 5797K, committed 6272K, reserved 1048576K
}
Event: 3.277 GC heap after
{Heap after GC invocations=33 (full 2):
 PSYoungGen      total 16384K, used 2798K [0x00000000eab00000, 0x00000000ebe80000, 0x0000000100000000)
  eden space 13312K, 0% used [0x00000000eab00000,0x00000000eab00000,0x00000000eb800000)
  from space 3072K, 91% used [0x00000000eb900000,0x00000000ebbbb8c8,0x00000000ebc00000)
  to   space 2560K, 0% used [0x00000000ebc00000,0x00000000ebc00000,0x00000000ebe80000)
 ParOldGen       total 68608K, used 55012K [0x00000000c0000000, 0x00000000c4300000, 0x00000000eab00000)
  object space 68608K, 80% used [0x00000000c0000000,0x00000000c35b93a8,0x00000000c4300000)
 Metaspace       used 54585K, committed 55680K, reserved 1114112K
  class space    used 5797K, committed 6272K, reserved 1048576K
}
Event: 3.302 GC heap before
{Heap before GC invocations=34 (full 2):
 PSYoungGen      total 16384K, used 16110K [0x00000000eab00000, 0x00000000ebe80000, 0x0000000100000000)
  eden space 13312K, 100% used [0x00000000eab00000,0x00000000eb800000,0x00000000eb800000)
  from space 3072K, 91% used [0x00000000eb900000,0x00000000ebbbb8c8,0x00000000ebc00000)
  to   space 2560K, 0% used [0x00000000ebc00000,0x00000000ebc00000,0x00000000ebe80000)
 ParOldGen       total 68608K, used 55012K [0x00000000c0000000, 0x00000000c4300000, 0x00000000eab00000)
  object space 68608K, 80% used [0x00000000c0000000,0x00000000c35b93a8,0x00000000c4300000)
 Metaspace       used 54795K, committed 55936K, reserved 1114112K
  class space    used 5829K, committed 6336K, reserved 1048576K
}
Event: 3.304 GC heap after
{Heap after GC invocations=34 (full 2):
 PSYoungGen      total 13824K, used 2559K [0x00000000eab00000, 0x00000000ec400000, 0x0000000100000000)
  eden space 11264K, 0% used [0x00000000eab00000,0x00000000eab00000,0x00000000eb600000)
  from space 2560K, 99% used [0x00000000ebc00000,0x00000000ebe7fc48,0x00000000ebe80000)
  to   space 6144K, 0% used [0x00000000eb600000,0x00000000eb600000,0x00000000ebc00000)
 ParOldGen       total 68608K, used 57805K [0x00000000c0000000, 0x00000000c4300000, 0x00000000eab00000)
  object space 68608K, 84% used [0x00000000c0000000,0x00000000c38737e0,0x00000000c4300000)
 Metaspace       used 54795K, committed 55936K, reserved 1114112K
  class space    used 5829K, committed 6336K, reserved 1048576K
}
Event: 3.322 GC heap before
{Heap before GC invocations=35 (full 2):
 PSYoungGen      total 13824K, used 13821K [0x00000000eab00000, 0x00000000ec400000, 0x0000000100000000)
  eden space 11264K, 99% used [0x00000000eab00000,0x00000000eb5ffa38,0x00000000eb600000)
  from space 2560K, 99% used [0x00000000ebc00000,0x00000000ebe7fc48,0x00000000ebe80000)
  to   space 6144K, 0% used [0x00000000eb600000,0x00000000eb600000,0x00000000ebc00000)
 ParOldGen       total 68608K, used 57805K [0x00000000c0000000, 0x00000000c4300000, 0x00000000eab00000)
  object space 68608K, 84% used [0x00000000c0000000,0x00000000c38737e0,0x00000000c4300000)
 Metaspace       used 55025K, committed 56128K, reserved 1114112K
  class space    used 5865K, committed 6336K, reserved 1048576K
}
Event: 3.324 GC heap after
{Heap after GC invocations=35 (full 2):
 PSYoungGen      total 14336K, used 2934K [0x00000000eab00000, 0x00000000ebe00000, 0x0000000100000000)
  eden space 11264K, 0% used [0x00000000eab00000,0x00000000eab00000,0x00000000eb600000)
  from space 3072K, 95% used [0x00000000eb600000,0x00000000eb8dda00,0x00000000eb900000)
  to   space 4096K, 0% used [0x00000000eba00000,0x00000000eba00000,0x00000000ebe00000)
 ParOldGen       total 68608K, used 60354K [0x00000000c0000000, 0x00000000c4300000, 0x00000000eab00000)
  object space 68608K, 87% used [0x00000000c0000000,0x00000000c3af0a40,0x00000000c4300000)
 Metaspace       used 55025K, committed 56128K, reserved 1114112K
  class space    used 5865K, committed 6336K, reserved 1048576K
}
Event: 3.357 GC heap before
{Heap before GC invocations=36 (full 2):
 PSYoungGen      total 14336K, used 14198K [0x00000000eab00000, 0x00000000ebe00000, 0x0000000100000000)
  eden space 11264K, 100% used [0x00000000eab00000,0x00000000eb600000,0x00000000eb600000)
  from space 3072K, 95% used [0x00000000eb600000,0x00000000eb8dda00,0x00000000eb900000)
  to   space 4096K, 0% used [0x00000000eba00000,0x00000000eba00000,0x00000000ebe00000)
 ParOldGen       total 68608K, used 60354K [0x00000000c0000000, 0x00000000c4300000, 0x00000000eab00000)
  object space 68608K, 87% used [0x00000000c0000000,0x00000000c3af0a40,0x00000000c4300000)
 Metaspace       used 55411K, committed 56512K, reserved 1114112K
  class space    used 5911K, committed 6400K, reserved 1048576K
}
Event: 3.360 GC heap after
{Heap after GC invocations=36 (full 2):
 PSYoungGen      total 13312K, used 2030K [0x00000000eab00000, 0x00000000ebc00000, 0x0000000100000000)
  eden space 11264K, 0% used [0x00000000eab00000,0x00000000eab00000,0x00000000eb600000)
  from space 2048K, 99% used [0x00000000eba00000,0x00000000ebbfb8f8,0x00000000ebc00000)
  to   space 2560K, 0% used [0x00000000eb700000,0x00000000eb700000,0x00000000eb980000)
 ParOldGen       total 68608K, used 63128K [0x00000000c0000000, 0x00000000c4300000, 0x00000000eab00000)
  object space 68608K, 92% used [0x00000000c0000000,0x00000000c3da6390,0x00000000c4300000)
 Metaspace       used 55411K, committed 56512K, reserved 1114112K
  class space    used 5911K, committed 6400K, reserved 1048576K
}
Event: 3.382 GC heap before
{Heap before GC invocations=37 (full 2):
 PSYoungGen      total 13312K, used 13294K [0x00000000eab00000, 0x00000000ebc00000, 0x0000000100000000)
  eden space 11264K, 100% used [0x00000000eab00000,0x00000000eb600000,0x00000000eb600000)
  from space 2048K, 99% used [0x00000000eba00000,0x00000000ebbfb8f8,0x00000000ebc00000)
  to   space 2560K, 0% used [0x00000000eb700000,0x00000000eb700000,0x00000000eb980000)
 ParOldGen       total 68608K, used 63128K [0x00000000c0000000, 0x00000000c4300000, 0x00000000eab00000)
  object space 68608K, 92% used [0x00000000c0000000,0x00000000c3da6390,0x00000000c4300000)
 Metaspace       used 55559K, committed 56640K, reserved 1114112K
  class space    used 5924K, committed 6400K, reserved 1048576K
}
Event: 3.384 GC heap after
{Heap after GC invocations=37 (full 2):
 PSYoungGen      total 13824K, used 2400K [0x00000000eab00000, 0x00000000ebb00000, 0x0000000100000000)
  eden space 11264K, 0% used [0x00000000eab00000,0x00000000eab00000,0x00000000eb600000)
  from space 2560K, 93% used [0x00000000eb700000,0x00000000eb958000,0x00000000eb980000)
  to   space 1536K, 0% used [0x00000000eb980000,0x00000000eb980000,0x00000000ebb00000)
 ParOldGen       total 68608K, used 64983K [0x00000000c0000000, 0x00000000c4300000, 0x00000000eab00000)
  object space 68608K, 94% used [0x00000000c0000000,0x00000000c3f75f48,0x00000000c4300000)
 Metaspace       used 55559K, committed 56640K, reserved 1114112K
  class space    used 5924K, committed 6400K, reserved 1048576K
}
Event: 3.404 GC heap before
{Heap before GC invocations=38 (full 2):
 PSYoungGen      total 13824K, used 13664K [0x00000000eab00000, 0x00000000ebb00000, 0x0000000100000000)
  eden space 11264K, 100% used [0x00000000eab00000,0x00000000eb600000,0x00000000eb600000)
  from space 2560K, 93% used [0x00000000eb700000,0x00000000eb958000,0x00000000eb980000)
  to   space 1536K, 0% used [0x00000000eb980000,0x00000000eb980000,0x00000000ebb00000)
 ParOldGen       total 68608K, used 64983K [0x00000000c0000000, 0x00000000c4300000, 0x00000000eab00000)
  object space 68608K, 94% used [0x00000000c0000000,0x00000000c3f75f48,0x00000000c4300000)
 Metaspace       used 55692K, committed 56768K, reserved 1114112K
  class space    used 5936K, committed 6400K, reserved 1048576K
}
Event: 3.407 GC heap after
{Heap after GC invocations=38 (full 2):
 PSYoungGen      total 11264K, used 1536K [0x00000000eab00000, 0x00000000ec000000, 0x0000000100000000)
  eden space 9728K, 0% used [0x00000000eab00000,0x00000000eab00000,0x00000000eb480000)
  from space 1536K, 100% used [0x00000000eb980000,0x00000000ebb00000,0x00000000ebb00000)
  to   space 5120K, 0% used [0x00000000eb480000,0x00000000eb480000,0x00000000eb980000)
 ParOldGen       total 68608K, used 67842K [0x00000000c0000000, 0x00000000c4300000, 0x00000000eab00000)
  object space 68608K, 98% used [0x00000000c0000000,0x00000000c4240b98,0x00000000c4300000)
 Metaspace       used 55692K, committed 56768K, reserved 1114112K
  class space    used 5936K, committed 6400K, reserved 1048576K
}
Event: 3.423 GC heap before
{Heap before GC invocations=39 (full 3):
 PSYoungGen      total 11264K, used 11246K [0x00000000eab00000, 0x00000000ec000000, 0x0000000100000000)
  eden space 9728K, 99% used [0x00000000eab00000,0x00000000eb47b988,0x00000000eb480000)
  from space 1536K, 100% used [0x00000000eb980000,0x00000000ebb00000,0x00000000ebb00000)
  to   space 5120K, 0% used [0x00000000eb480000,0x00000000eb480000,0x00000000eb980000)
 ParOldGen       total 68608K, used 67842K [0x00000000c0000000, 0x00000000c4300000, 0x00000000eab00000)
  object space 68608K, 98% used [0x00000000c0000000,0x00000000c4240b98,0x00000000c4300000)
 Metaspace       used 55861K, committed 56960K, reserved 1114112K
  class space    used 5961K, committed 6464K, reserved 1048576K
}

